TN:
SF:script/Counter.s.sol
FN:7,CounterScript.setUp
FNDA:0,CounterScript.setUp
FN:9,CounterScript.run
FNDA:0,CounterScript.run
DA:10,0
FNF:2
FNH:0
LF:1
LH:0
BRF:0
BRH:0
end_of_record
TN:
SF:src/TestReceiver.sol
FN:5,TestReceiver.mock
FNDA:0,TestReceiver.mock
DA:6,0
FNF:1
FNH:0
LF:1
LH:0
BRF:0
BRH:0
end_of_record
TN:
SF:src/TestSender.sol
FN:18,TestSender.setStatus
FNDA:0,TestSender.setStatus
DA:19,0
DA:20,0
DA:21,0
FN:24,TestSender.validateUserOp
FNDA:1,TestSender.validateUserOp
DA:26,1
DA:27,1
BRDA:27,0,0,-
BRDA:27,0,1,1
DA:28,0
DA:30,1
FN:33,TestSender.execute
FNDA:1,TestSender.execute
DA:38,1
DA:39,1
BRDA:39,1,0,1
BRDA:39,1,1,-
DA:40,1
DA:42,0
FNF:3
FNH:2
LF:11
LH:6
BRF:4
BRH:2
end_of_record
TN:
SF:src/account-abstraction/core/BaseAccount.sol
FN:40,BaseAccount.validateUserOp
FNDA:0,BaseAccount.validateUserOp
DA:42,0
DA:43,0
DA:44,0
BRDA:44,0,0,-
BRDA:44,0,1,-
DA:45,0
DA:47,0
FN:53,BaseAccount._requireFromEntryPoint
FNDA:0,BaseAccount._requireFromEntryPoint
DA:54,0
BRDA:54,1,0,-
BRDA:54,1,1,-
FN:89,BaseAccount._payPrefund
FNDA:0,BaseAccount._payPrefund
DA:90,0
BRDA:90,2,0,-
BRDA:90,2,1,-
DA:91,0
FNF:3
FNH:0
LF:8
LH:0
BRF:6
BRH:0
end_of_record
TN:
SF:src/account-abstraction/core/BasePaymaster.sol
FN:26,BasePaymaster.validatePaymasterUserOp
FNDA:0,BasePaymaster.validatePaymasterUserOp
DA:28,0
DA:29,0
FN:36,BasePaymaster.postOp
FNDA:0,BasePaymaster.postOp
DA:37,0
DA:38,0
FN:53,BasePaymaster._postOp
FNDA:0,BasePaymaster._postOp
DA:57,0
FN:63,BasePaymaster.deposit
FNDA:0,BasePaymaster.deposit
DA:64,0
FN:72,BasePaymaster.withdrawTo
FNDA:0,BasePaymaster.withdrawTo
DA:73,0
FN:80,BasePaymaster.addStake
FNDA:0,BasePaymaster.addStake
DA:81,0
FN:87,BasePaymaster.getDeposit
FNDA:0,BasePaymaster.getDeposit
DA:88,0
FN:95,BasePaymaster.unlockStake
FNDA:0,BasePaymaster.unlockStake
DA:96,0
FN:104,BasePaymaster.withdrawStake
FNDA:0,BasePaymaster.withdrawStake
DA:105,0
FN:109,BasePaymaster._requireFromEntryPoint
FNDA:0,BasePaymaster._requireFromEntryPoint
DA:110,0
BRDA:110,0,0,-
BRDA:110,0,1,-
FNF:10
FNH:0
LF:12
LH:0
BRF:2
BRH:0
end_of_record
TN:
SF:src/account-abstraction/core/EntryPoint.sol
FN:45,EntryPoint._compensate
FNDA:1,EntryPoint._compensate
DA:46,1
BRDA:46,0,0,-
BRDA:46,0,1,1
DA:47,1
DA:48,1
BRDA:48,1,0,-
BRDA:48,1,1,1
FN:58,EntryPoint._executeUserOp
FNDA:1,EntryPoint._executeUserOp
DA:59,1
DA:60,1
DA:62,1
FN:90,EntryPoint.handleOps
FNDA:1,EntryPoint.handleOps
DA:92,1
DA:93,1
DA:96,1
DA:97,1
DA:98,1
DA:99,1
DA:102,1
DA:104,1
DA:105,1
DA:108,1
FN:117,EntryPoint.handleAggregatedOps
FNDA:0,EntryPoint.handleAggregatedOps
DA:122,0
DA:123,0
DA:124,0
DA:125,0
DA:126,0
DA:127,0
DA:130,0
BRDA:130,2,0,-
BRDA:130,2,1,-
DA:132,0
BRDA:132,3,0,-
BRDA:132,3,1,-
DA:134,0
DA:140,0
DA:143,0
DA:145,0
DA:146,0
DA:147,0
DA:148,0
DA:149,0
DA:151,0
DA:152,0
DA:153,0
DA:154,0
DA:155,0
DA:156,0
DA:160,0
DA:161,0
DA:162,0
DA:163,0
DA:164,0
DA:165,0
DA:166,0
DA:168,0
DA:169,0
DA:170,0
DA:173,0
DA:175,0
FN:179,EntryPoint.simulateHandleOp
FNDA:0,EntryPoint.simulateHandleOp
DA:181,0
DA:182,0
DA:183,0
DA:184,0
DA:186,0
DA:187,0
DA:188,0
DA:189,0
DA:190,0
DA:191,0
BRDA:191,4,0,-
BRDA:191,4,1,-
DA:192,0
DA:194,0
FN:223,EntryPoint.innerHandleOp
FNDA:1,EntryPoint.innerHandleOp
DA:224,1
DA:225,1
BRDA:225,5,0,-
BRDA:225,5,1,1
DA:226,1
DA:228,1
DA:231,1
BRDA:231,6,0,-
BRDA:231,6,1,1
DA:239,1
DA:240,1
BRDA:240,7,0,-
BRDA:240,7,1,-
DA:241,1
DA:242,1
BRDA:242,8,0,-
BRDA:242,8,1,-
DA:243,0
DA:244,0
BRDA:244,9,0,-
BRDA:244,9,1,-
DA:245,0
DA:247,0
DA:252,1
DA:254,1
FN:262,EntryPoint.getUserOpHash
FNDA:0,EntryPoint.getUserOpHash
DA:263,1
FN:269,EntryPoint._copyUserOpToMemory
FNDA:1,EntryPoint._copyUserOpToMemory
DA:270,1
DA:271,1
DA:272,1
DA:273,1
DA:274,1
DA:275,1
DA:276,1
DA:277,1
DA:278,1
BRDA:278,10,0,-
BRDA:278,10,1,-
DA:279,0
BRDA:279,11,0,-
BRDA:279,11,1,-
DA:280,0
DA:282,1
FN:292,EntryPoint.simulateValidation
FNDA:0,EntryPoint.simulateValidation
DA:293,0
DA:295,0
DA:296,0
DA:297,0
DA:298,0
DA:299,0
DA:301,0
DA:302,0
DA:303,0
DA:306,0
DA:307,0
DA:308,0
DA:309,0
DA:312,0
BRDA:312,12,0,-
BRDA:312,12,1,-
DA:313,0
DA:314,0
DA:316,0
FN:320,EntryPoint._getRequiredPrefund
FNDA:1,EntryPoint._getRequiredPrefund
DA:324,1
DA:325,1
DA:327,1
FN:332,EntryPoint._createSenderIfNeeded
FNDA:1,EntryPoint._createSenderIfNeeded
DA:333,1
BRDA:333,13,0,-
BRDA:333,13,1,-
DA:334,0
DA:335,0
BRDA:335,14,0,-
BRDA:335,14,1,-
DA:336,0
DA:337,0
BRDA:337,15,0,-
BRDA:337,15,1,-
DA:338,0
BRDA:338,16,0,-
BRDA:338,16,1,-
DA:339,0
BRDA:339,17,0,-
BRDA:339,17,1,-
DA:340,0
DA:341,0
FN:351,EntryPoint.getSenderAddress
FNDA:0,EntryPoint.getSenderAddress
DA:352,0
FN:355,EntryPoint._simulationOnlyValidations
FNDA:0,EntryPoint._simulationOnlyValidations
DA:357,0
FN:369,EntryPoint._validateSenderAndPaymaster
FNDA:0,EntryPoint._validateSenderAndPaymaster
DA:370,0
BRDA:370,18,0,-
BRDA:370,18,1,-
DA:372,0
DA:374,0
BRDA:374,19,0,-
BRDA:374,19,1,-
DA:375,0
DA:376,0
BRDA:376,20,0,-
BRDA:376,20,1,-
DA:378,0
DA:382,0
FN:390,EntryPoint._validateAccountPrepayment
FNDA:1,EntryPoint._validateAccountPrepayment
DA:393,1
DA:394,1
DA:395,1
DA:396,1
DA:397,1
DA:398,1
DA:399,1
DA:400,1
BRDA:400,21,0,1
BRDA:400,21,1,-
DA:401,1
DA:402,1
DA:404,1
DA:412,1
BRDA:412,22,0,-
BRDA:412,22,1,1
DA:413,1
DA:414,1
DA:415,1
BRDA:415,23,0,-
BRDA:415,23,1,1
DA:416,0
DA:418,1
DA:420,1
FN:431,EntryPoint._validatePaymasterPrepayment
FNDA:0,EntryPoint._validatePaymasterPrepayment
DA:434,0
DA:435,0
DA:436,0
BRDA:436,24,0,-
BRDA:436,24,1,-
DA:437,0
DA:439,0
DA:440,0
DA:441,0
DA:442,0
BRDA:442,25,0,-
BRDA:442,25,1,-
DA:443,0
DA:445,0
DA:446,0
FN:460,EntryPoint._validateAccountAndPaymasterValidationData
FNDA:1,EntryPoint._validateAccountAndPaymasterValidationData
DA:461,1
DA:462,1
BRDA:462,26,0,-
BRDA:462,26,1,1
DA:463,0
DA:465,1
BRDA:465,27,0,-
BRDA:465,27,1,1
DA:466,0
DA:470,1
DA:471,1
DA:472,1
BRDA:472,28,0,-
BRDA:472,28,1,1
DA:473,0
DA:475,1
BRDA:475,29,0,-
BRDA:475,29,1,1
DA:476,0
FN:480,EntryPoint._getValidationData
FNDA:2,EntryPoint._getValidationData
DA:481,2
BRDA:481,30,0,2
BRDA:481,30,1,-
DA:482,2
DA:484,0
DA:486,0
DA:487,0
FN:497,EntryPoint._validatePrepayment
FNDA:1,EntryPoint._validatePrepayment
DA:500,1
DA:501,1
DA:502,1
DA:503,1
DA:507,1
DA:509,1
BRDA:509,31,0,-
BRDA:509,31,1,1
DA:511,1
DA:512,1
DA:513,1
DA:516,1
DA:518,1
DA:519,1
BRDA:519,32,0,-
BRDA:519,32,1,1
DA:520,0
DA:523,1
DA:525,1
BRDA:525,33,0,-
BRDA:525,33,1,1
DA:526,0
DA:528,1
DA:529,1
DA:530,1
FN:545,EntryPoint._handlePostOp
FNDA:1,EntryPoint._handlePostOp
DA:546,1
DA:548,1
DA:549,1
DA:550,1
DA:552,1
DA:553,1
BRDA:553,34,0,1
BRDA:553,34,1,-
DA:554,1
DA:556,0
DA:557,0
BRDA:557,35,0,-
BRDA:557,35,1,-
DA:558,0
DA:559,0
BRDA:559,36,0,-
BRDA:559,36,1,-
DA:560,0
DA:563,0
DA:573,1
DA:574,1
DA:575,1
BRDA:575,37,0,-
BRDA:575,37,1,1
DA:576,0
DA:578,1
DA:579,1
DA:580,1
DA:581,1
FN:589,EntryPoint.getUserOpGasPrice
FNDA:1,EntryPoint.getUserOpGasPrice
DA:591,1
DA:592,1
DA:593,1
BRDA:593,38,0,1
BRDA:593,38,1,-
DA:595,1
DA:597,0
FN:601,EntryPoint.min
FNDA:0,EntryPoint.min
DA:602,0
FN:605,EntryPoint.getOffsetOfMemoryBytes
FNDA:1,EntryPoint.getOffsetOfMemoryBytes
DA:606,1
FN:609,EntryPoint.getMemoryBytesFromOffset
FNDA:1,EntryPoint.getMemoryBytesFromOffset
DA:610,1
FN:616,EntryPoint.numberMarker
FNDA:2,EntryPoint.numberMarker
FNF:25
FNH:16
LF:221
LH:105
BRF:78
BRH:18
end_of_record
TN:
SF:src/account-abstraction/core/SenderCreator.sol
FN:15,SenderCreator.createSender
FNDA:0,SenderCreator.createSender
DA:16,0
DA:17,0
DA:18,0
DA:21,0
DA:22,0
DA:24,0
BRDA:24,0,0,-
BRDA:24,0,1,-
DA:25,0
FNF:1
FNH:0
LF:7
LH:0
BRF:2
BRH:0
end_of_record
TN:
SF:src/account-abstraction/core/StakeManager.sol
FN:19,StakeManager.getDepositInfo
FNDA:0,StakeManager.getDepositInfo
DA:20,0
FN:24,StakeManager._getStakeInfo
FNDA:0,StakeManager._getStakeInfo
DA:25,0
DA:26,0
DA:27,0
FN:31,StakeManager.balanceOf
FNDA:0,StakeManager.balanceOf
DA:32,1
FN:39,StakeManager._incrementDeposit
FNDA:2,StakeManager._incrementDeposit
DA:40,2
DA:41,2
DA:42,2
BRDA:42,0,0,-
BRDA:42,0,1,2
DA:43,2
FN:49,StakeManager.depositTo
FNDA:0,StakeManager.depositTo
DA:50,1
DA:51,1
DA:52,1
FN:60,StakeManager.addStake
FNDA:0,StakeManager.addStake
DA:61,0
DA:62,0
BRDA:62,1,0,-
BRDA:62,1,1,-
DA:63,0
BRDA:63,2,0,-
BRDA:63,2,1,-
DA:64,0
DA:65,0
BRDA:65,3,0,-
BRDA:65,3,1,-
DA:66,0
BRDA:66,4,0,-
BRDA:66,4,1,-
DA:67,0
DA:74,0
FN:81,StakeManager.unlockStake
FNDA:0,StakeManager.unlockStake
DA:82,0
DA:83,0
BRDA:83,5,0,-
BRDA:83,5,1,-
DA:84,0
BRDA:84,6,0,-
BRDA:84,6,1,-
DA:85,0
DA:86,0
DA:87,0
DA:88,0
FN:97,StakeManager.withdrawStake
FNDA:0,StakeManager.withdrawStake
DA:98,0
DA:99,0
DA:100,0
BRDA:100,7,0,-
BRDA:100,7,1,-
DA:101,0
BRDA:101,8,0,-
BRDA:101,8,1,-
DA:102,0
BRDA:102,9,0,-
BRDA:102,9,1,-
DA:103,0
DA:104,0
DA:105,0
DA:106,0
DA:107,0
DA:108,0
BRDA:108,10,0,-
BRDA:108,10,1,-
FN:116,StakeManager.withdrawTo
FNDA:0,StakeManager.withdrawTo
DA:117,0
DA:118,0
BRDA:118,11,0,-
BRDA:118,11,1,-
DA:119,0
DA:120,0
DA:121,0
DA:122,0
BRDA:122,12,0,-
BRDA:122,12,1,-
FNF:9
FNH:1
LF:44
LH:8
BRF:26
BRH:1
end_of_record
TN:
SF:src/account-abstraction/interfaces/UserOperation.sol
FN:40,UserOperationLib.getSender
FNDA:0,UserOperationLib.getSender
DA:41,0
DA:43,0
DA:44,0
FN:49,UserOperationLib.gasPrice
FNDA:0,UserOperationLib.gasPrice
DA:51,0
DA:52,0
DA:53,0
BRDA:53,0,0,-
BRDA:53,0,1,-
DA:55,0
DA:57,0
FN:61,UserOperationLib.pack
FNDA:0,UserOperationLib.pack
DA:63,0
DA:70,0
FN:77,UserOperationLib.hash
FNDA:0,UserOperationLib.hash
DA:78,0
FN:81,UserOperationLib.min
FNDA:0,UserOperationLib.min
DA:82,0
FNF:5
FNH:0
LF:12
LH:0
BRF:2
BRH:0
end_of_record
TN:
SF:src/account-abstraction/samples/DepositPaymaster.sol
FN:47,DepositPaymaster.addToken
FNDA:0,DepositPaymaster.addToken
DA:48,0
BRDA:48,0,0,-
BRDA:48,0,1,-
DA:49,0
FN:62,DepositPaymaster.addDepositFor
FNDA:0,DepositPaymaster.addDepositFor
DA:64,0
DA:65,0
BRDA:65,1,0,-
BRDA:65,1,1,-
DA:66,0
DA:67,0
BRDA:67,2,0,-
BRDA:67,2,1,-
DA:68,0
FN:76,DepositPaymaster.depositInfo
FNDA:0,DepositPaymaster.depositInfo
DA:77,0
DA:78,0
FN:85,DepositPaymaster.unlockTokenDeposit
FNDA:0,DepositPaymaster.unlockTokenDeposit
DA:86,0
FN:93,DepositPaymaster.lockTokenDeposit
FNDA:0,DepositPaymaster.lockTokenDeposit
DA:94,0
FN:104,DepositPaymaster.withdrawTokensTo
FNDA:0,DepositPaymaster.withdrawTokensTo
DA:105,0
BRDA:105,3,0,-
BRDA:105,3,1,-
DA:106,0
DA:107,0
FN:116,DepositPaymaster.getTokenValueOfEth
FNDA:0,DepositPaymaster.getTokenValueOfEth
DA:117,0
DA:118,0
BRDA:118,4,0,-
BRDA:118,4,1,-
DA:119,0
FN:128,DepositPaymaster._validatePaymasterUserOp
FNDA:0,DepositPaymaster._validatePaymasterUserOp
DA:133,0
BRDA:133,5,0,-
BRDA:133,5,1,-
DA:135,0
DA:136,0
BRDA:136,6,0,-
BRDA:136,6,1,-
DA:137,0
DA:138,0
DA:139,0
DA:140,0
DA:141,0
BRDA:141,7,0,-
BRDA:141,7,1,-
DA:142,0
BRDA:142,8,0,-
BRDA:142,8,1,-
DA:143,0
FN:153,DepositPaymaster._postOp
FNDA:0,DepositPaymaster._postOp
DA:155,0
DA:157,0
DA:158,0
BRDA:158,9,0,-
BRDA:158,9,1,-
DA:160,0
DA:163,0
DA:165,0
FNF:9
FNH:0
LF:33
LH:0
BRF:20
BRH:0
end_of_record
TN:
SF:src/account-abstraction/samples/SimpleAccount.sol
FN:41,SimpleAccount.nonce
FNDA:0,SimpleAccount.nonce
DA:42,0
FN:46,SimpleAccount.entryPoint
FNDA:0,SimpleAccount.entryPoint
DA:47,0
FN:59,SimpleAccount._onlyOwner
FNDA:0,SimpleAccount._onlyOwner
DA:61,0
BRDA:61,0,0,-
BRDA:61,0,1,-
FN:67,SimpleAccount.execute
FNDA:0,SimpleAccount.execute
DA:68,0
DA:69,0
FN:75,SimpleAccount.executeBatch
FNDA:0,SimpleAccount.executeBatch
DA:76,0
DA:77,0
BRDA:77,1,0,-
BRDA:77,1,1,-
DA:78,0
DA:79,0
FN:88,SimpleAccount.initialize
FNDA:0,SimpleAccount.initialize
DA:89,0
FN:92,SimpleAccount._initialize
FNDA:0,SimpleAccount._initialize
DA:93,0
DA:94,0
FN:98,SimpleAccount._requireFromEntryPointOrOwner
FNDA:0,SimpleAccount._requireFromEntryPointOrOwner
DA:99,0
BRDA:99,2,0,-
BRDA:99,2,1,-
FN:103,SimpleAccount._validateAndUpdateNonce
FNDA:0,SimpleAccount._validateAndUpdateNonce
DA:104,0
BRDA:104,3,0,-
BRDA:104,3,1,-
FN:108,SimpleAccount._validateSignature
FNDA:0,SimpleAccount._validateSignature
DA:110,0
DA:111,0
BRDA:111,4,0,-
BRDA:111,4,1,-
DA:112,0
DA:113,0
FN:116,SimpleAccount._call
FNDA:0,SimpleAccount._call
DA:117,0
DA:118,0
BRDA:118,5,0,-
BRDA:118,5,1,-
FN:128,SimpleAccount.getDeposit
FNDA:0,SimpleAccount.getDeposit
DA:129,0
FN:135,SimpleAccount.addDeposit
FNDA:0,SimpleAccount.addDeposit
DA:136,0
FN:144,SimpleAccount.withdrawDepositTo
FNDA:0,SimpleAccount.withdrawDepositTo
DA:145,0
FN:148,SimpleAccount._authorizeUpgrade
FNDA:0,SimpleAccount._authorizeUpgrade
DA:150,0
FNF:15
FNH:0
LF:24
LH:0
BRF:12
BRH:0
end_of_record
TN:
SF:src/account-abstraction/samples/SimpleAccountFactory.sol
FN:28,SimpleAccountFactory.createAccount
FNDA:0,SimpleAccountFactory.createAccount
DA:29,0
DA:30,0
DA:31,0
BRDA:31,0,0,-
BRDA:31,0,1,-
DA:32,0
DA:34,0
FN:43,SimpleAccountFactory.getAddress
FNDA:0,SimpleAccountFactory.getAddress
DA:44,0
FNF:2
FNH:0
LF:6
LH:0
BRF:2
BRH:0
end_of_record
TN:
SF:src/account-abstraction/samples/TokenPaymaster.sol
FN:43,TokenPaymaster.mintTokens
FNDA:0,TokenPaymaster.mintTokens
DA:44,0
FN:52,TokenPaymaster.transferOwnership
FNDA:0,TokenPaymaster.transferOwnership
DA:54,0
DA:55,0
DA:57,0
FN:62,TokenPaymaster.getTokenValueOfEth
FNDA:0,TokenPaymaster.getTokenValueOfEth
DA:63,0
FN:72,TokenPaymaster._validatePaymasterUserOp
FNDA:0,TokenPaymaster._validatePaymasterUserOp
DA:74,0
DA:78,0
BRDA:78,0,0,-
BRDA:78,0,1,-
DA:80,0
BRDA:80,1,0,-
BRDA:80,1,1,-
DA:81,0
DA:82,0
BRDA:82,2,0,-
BRDA:82,2,1,-
DA:85,0
BRDA:85,3,0,-
BRDA:85,3,1,-
DA:88,0
FN:93,TokenPaymaster._validateConstructor
FNDA:0,TokenPaymaster._validateConstructor
DA:94,0
DA:95,0
BRDA:95,4,0,-
BRDA:95,4,1,-
FN:105,TokenPaymaster._postOp
FNDA:0,TokenPaymaster._postOp
DA:108,0
DA:109,0
DA:111,0
FNF:6
FNH:0
LF:17
LH:0
BRF:10
BRH:0
end_of_record
TN:
SF:src/account-abstraction/samples/VerifyingPaymaster.sol
FN:35,VerifyingPaymaster.pack
FNDA:0,VerifyingPaymaster.pack
DA:37,0
DA:44,0
FN:58,VerifyingPaymaster.getHash
FNDA:0,VerifyingPaymaster.getHash
DA:62,0
FN:79,VerifyingPaymaster._validatePaymasterUserOp
FNDA:0,VerifyingPaymaster._validatePaymasterUserOp
DA:83,0
DA:86,0
BRDA:86,0,0,-
BRDA:86,0,1,-
DA:87,0
DA:88,0
DA:91,0
BRDA:91,1,0,-
BRDA:91,1,1,-
DA:92,0
DA:97,0
FN:100,VerifyingPaymaster.parsePaymasterAndData
FNDA:0,VerifyingPaymaster.parsePaymasterAndData
DA:101,0
DA:102,0
FNF:4
FNH:0
LF:12
LH:0
BRF:4
BRH:0
end_of_record
TN:
SF:src/account-abstraction/samples/bls/BLSAccount.sol
FN:28,BLSAccount.initialize
FNDA:0,BLSAccount.initialize
DA:29,0
DA:30,0
FN:33,BLSAccount._validateSignature
FNDA:0,BLSAccount._validateSignature
DA:37,0
BRDA:37,0,0,-
BRDA:37,0,1,-
DA:41,0
DA:42,0
BRDA:42,1,0,-
BRDA:42,1,1,-
DA:44,0
FN:51,BLSAccount.setBlsPublicKey
FNDA:0,BLSAccount.setBlsPublicKey
DA:52,0
FN:55,BLSAccount._setBlsPublicKey
FNDA:0,BLSAccount._setBlsPublicKey
DA:56,0
DA:57,0
FN:61,BLSAccount.getBlsPublicKey
FNDA:0,BLSAccount.getBlsPublicKey
DA:62,0
FNF:5
FNH:0
LF:10
LH:0
BRF:4
BRH:0
end_of_record
TN:
SF:src/account-abstraction/samples/bls/BLSAccountFactory.sol
FN:31,BLSAccountFactory.createAccount
FNDA:0,BLSAccountFactory.createAccount
DA:34,0
DA:35,0
DA:36,0
BRDA:36,0,0,-
BRDA:36,0,1,-
DA:38,0
DA:39,0
DA:40,0
BRDA:40,1,0,-
BRDA:40,1,1,-
DA:41,0
DA:43,0
FN:52,BLSAccountFactory.getAddress
FNDA:0,BLSAccountFactory.getAddress
DA:53,0
FNF:2
FNH:0
LF:9
LH:0
BRF:4
BRH:0
end_of_record
TN:
SF:src/account-abstraction/samples/bls/BLSHelper.sol
FN:19,BLSHelper.sum
FNDA:0,BLSHelper.sum
DA:20,0
DA:21,0
DA:22,0
DA:24,0
DA:25,0
DA:27,0
DA:28,0
DA:29,0
FN:41,BLSHelper.jacAdd
FNDA:0,BLSHelper.jacAdd
DA:51,0
BRDA:51,0,0,-
BRDA:51,0,1,-
DA:52,0
DA:53,0
BRDA:53,1,0,-
BRDA:53,1,1,-
DA:54,0
DA:57,0
DA:59,0
DA:60,0
DA:61,0
DA:62,0
DA:65,0
DA:73,0
BRDA:73,2,0,-
BRDA:73,2,1,-
DA:75,0
DA:77,0
DA:79,0
DA:81,0
DA:83,0
DA:85,0
DA:86,0
DA:88,0
DA:89,0
DA:91,0
DA:92,0
FN:102,BLSHelper.toAffine
FNDA:0,BLSHelper.toAffine
DA:109,0
DA:110,0
DA:111,0
DA:112,0
DA:114,0
FN:122,BLSHelper.invMod
FNDA:0,BLSHelper.invMod
DA:123,0
BRDA:123,3,0,-
BRDA:123,3,1,-
DA:124,0
DA:125,0
DA:126,0
DA:127,0
DA:128,0
DA:129,0
DA:130,0
DA:131,0
DA:134,0
FN:144,BLSHelper.jacDouble
FNDA:0,BLSHelper.jacDouble
DA:152,0
BRDA:152,4,0,-
BRDA:152,4,1,-
DA:153,0
DA:158,0
DA:159,0
DA:160,0
DA:163,0
DA:165,0
DA:170,0
DA:172,0
DA:174,0
DA:176,0
FN:187,BLSHelper.ecAdd
FNDA:0,BLSHelper.ecAdd
DA:196,0
DA:197,0
DA:198,0
DA:201,0
BRDA:201,5,0,-
BRDA:201,5,1,-
DA:203,0
BRDA:203,6,0,-
BRDA:203,6,1,-
DA:204,0
DA:207,0
DA:215,0
DA:225,0
FNF:6
FNH:0
LF:65
LH:0
BRF:14
BRH:0
end_of_record
TN:
SF:src/account-abstraction/samples/bls/BLSSignatureAggregator.sol
FN:27,BLSSignatureAggregator.getUserOpPublicKey
FNDA:0,BLSSignatureAggregator.getUserOpPublicKey
DA:28,0
DA:29,0
BRDA:29,0,0,-
BRDA:29,0,1,-
DA:30,0
DA:32,0
FN:39,BLSSignatureAggregator.getTrailingPublicKey
FNDA:0,BLSSignatureAggregator.getTrailingPublicKey
DA:40,0
DA:41,0
BRDA:41,1,0,-
BRDA:41,1,1,-
FN:55,BLSSignatureAggregator.validateSignatures
FNDA:0,BLSSignatureAggregator.validateSignatures
DA:57,0
BRDA:57,2,0,-
BRDA:57,2,1,-
DA:58,0
DA:60,0
DA:61,0
DA:62,0
DA:63,0
DA:65,0
DA:66,0
DA:68,0
DA:70,0
BRDA:70,3,0,-
BRDA:70,3,1,-
FN:78,BLSSignatureAggregator.internalUserOpHash
FNDA:0,BLSSignatureAggregator.internalUserOpHash
DA:79,0
FN:97,BLSSignatureAggregator.userOpToMessage
FNDA:0,BLSSignatureAggregator.userOpToMessage
DA:98,0
DA:99,0
FN:102,BLSSignatureAggregator._userOpToMessage
FNDA:0,BLSSignatureAggregator._userOpToMessage
DA:103,0
DA:104,0
FN:108,BLSSignatureAggregator.getUserOpHash
FNDA:0,BLSSignatureAggregator.getUserOpHash
DA:109,0
DA:110,0
FN:113,BLSSignatureAggregator._getUserOpHash
FNDA:0,BLSSignatureAggregator._getUserOpHash
DA:114,0
FN:117,BLSSignatureAggregator._getPublicKeyHash
FNDA:0,BLSSignatureAggregator._getPublicKeyHash
DA:118,0
FN:128,BLSSignatureAggregator.validateUserOpSignature
FNDA:0,BLSSignatureAggregator.validateUserOpSignature
DA:130,0
DA:131,0
DA:132,0
DA:134,0
BRDA:134,4,0,-
BRDA:134,4,1,-
DA:135,0
FN:146,BLSSignatureAggregator.aggregateSignatures
FNDA:0,BLSSignatureAggregator.aggregateSignatures
DA:147,0
DA:148,0
DA:149,0
DA:150,0
DA:152,0
DA:153,0
FN:161,BLSSignatureAggregator.addStake
FNDA:0,BLSSignatureAggregator.addStake
DA:162,0
FNF:12
FNH:0
LF:37
LH:0
BRF:10
BRH:0
end_of_record
TN:
SF:src/account-abstraction/samples/bls/lib/BLSOpen.sol
FN:7,BLSOpen.verifySingle
FNDA:0,BLSOpen.verifySingle
DA:12,0
DA:13,0
DA:14,0
DA:15,0
DA:17,0
DA:22,0
FN:33,BLSOpen.verifyMultiple
FNDA:0,BLSOpen.verifyMultiple
DA:38,0
DA:43,0
FN:46,BLSOpen.hashToPoint
FNDA:0,BLSOpen.hashToPoint
DA:50,0
FN:56,BLSOpen.isZeroBLSKey
FNDA:0,BLSOpen.isZeroBLSKey
DA:57,0
DA:58,0
DA:59,0
DA:61,0
FNF:4
FNH:0
LF:13
LH:0
BRF:0
BRH:0
end_of_record
TN:
SF:src/account-abstraction/samples/bls/lib/hubble-contracts/contracts/libs/BLS.sol
FN:44,BLS.verifySingle
FNDA:0,BLS.verifySingle
DA:49,0
DA:64,0
DA:65,0
DA:69,0
DA:72,0
DA:81,0
BRDA:81,0,0,-
BRDA:81,0,1,-
DA:82,0
DA:84,0
FN:87,BLS.verifyMultiple
FNDA:0,BLS.verifyMultiple
DA:92,0
DA:93,0
BRDA:93,1,0,-
BRDA:93,1,1,-
DA:94,0
BRDA:94,2,0,-
BRDA:94,2,1,-
DA:98,0
DA:99,0
DA:100,0
DA:101,0
DA:102,0
DA:103,0
DA:104,0
DA:105,0
DA:106,0
DA:107,0
DA:108,0
DA:109,0
DA:110,0
DA:111,0
DA:112,0
DA:114,0
DA:117,0
DA:121,0
DA:130,0
BRDA:130,3,0,-
BRDA:130,3,1,-
DA:131,0
DA:133,0
FN:139,BLS.hashToPoint
FNDA:0,BLS.hashToPoint
DA:144,0
DA:145,0
DA:146,0
DA:147,0
DA:148,0
DA:149,0
DA:150,0
DA:151,0
DA:152,0
DA:155,0
DA:161,0
BRDA:161,4,0,-
BRDA:161,4,1,-
DA:162,0
FN:165,BLS.mapToPoint
FNDA:0,BLS.mapToPoint
DA:170,0
BRDA:170,5,0,-
BRDA:170,5,1,-
DA:171,0
DA:173,0
DA:175,0
DA:176,0
DA:177,0
DA:178,0
DA:179,0
DA:180,0
DA:181,0
DA:184,0
DA:185,0
DA:187,0
DA:188,0
DA:189,0
DA:190,0
DA:191,0
DA:192,0
BRDA:192,6,0,-
BRDA:192,6,1,-
DA:193,0
BRDA:193,7,0,-
BRDA:193,7,1,-
DA:194,0
DA:196,0
DA:200,0
DA:202,0
DA:203,0
DA:204,0
DA:205,0
DA:206,0
BRDA:206,8,0,-
BRDA:206,8,1,-
DA:207,0
BRDA:207,9,0,-
BRDA:207,9,1,-
DA:208,0
DA:210,0
DA:214,0
DA:215,0
DA:216,0
DA:217,0
DA:218,0
DA:220,0
DA:221,0
DA:222,0
DA:223,0
DA:224,0
BRDA:224,10,0,-
BRDA:224,10,1,-
DA:225,0
BRDA:225,11,0,-
BRDA:225,11,1,-
DA:226,0
DA:228,0
FN:231,BLS.isValidSignature
FNDA:0,BLS.isValidSignature
DA:236,0
BRDA:236,12,0,-
BRDA:236,12,1,-
DA:237,0
DA:239,0
FN:243,BLS.isOnCurveG1
FNDA:0,BLS.isOnCurveG1
DA:253,0
DA:254,0
DA:255,0
DA:256,0
FN:260,BLS.isOnCurveG2
FNDA:0,BLS.isOnCurveG2
DA:279,0
DA:281,0
DA:284,0
DA:289,0
DA:296,0
DA:297,0
DA:299,0
DA:300,0
DA:303,0
FN:307,BLS.sqrt
FNDA:0,BLS.sqrt
DA:308,0
DA:309,0
FN:312,BLS.inverse
FNDA:0,BLS.inverse
DA:313,0
FN:316,BLS.hashToField
FNDA:0,BLS.hashToField
DA:321,0
DA:322,0
DA:323,0
DA:324,0
DA:325,0
DA:329,0
DA:330,0
DA:331,0
DA:332,0
DA:333,0
DA:334,0
DA:335,0
DA:336,0
DA:337,0
DA:339,0
FN:342,BLS.expandMsgTo96
FNDA:0,BLS.expandMsgTo96
DA:348,0
DA:349,0
DA:350,0
DA:362,0
DA:365,0
DA:367,0
DA:369,0
DA:372,0
DA:375,0
DA:376,0
DA:377,0
DA:395,0
DA:413,0
DA:431,0
DA:438,0
FNF:11
FNH:0
LF:136
LH:0
BRF:26
BRH:0
end_of_record
TN:
SF:src/account-abstraction/samples/bls/lib/hubble-contracts/contracts/libs/BNPairingPrecompileCostEstimator.sol
FN:28,BNPairingPrecompileCostEstimator.run
FNDA:0,BNPairingPrecompileCostEstimator.run
DA:29,0
FN:32,BNPairingPrecompileCostEstimator.getGasCost
FNDA:0,BNPairingPrecompileCostEstimator.getGasCost
DA:33,0
FN:36,BNPairingPrecompileCostEstimator._run
FNDA:0,BNPairingPrecompileCostEstimator._run
DA:37,0
DA:38,0
DA:39,0
DA:40,0
FN:43,BNPairingPrecompileCostEstimator._gasCost1Pair
FNDA:0,BNPairingPrecompileCostEstimator._gasCost1Pair
DA:44,0
DA:45,0
DA:46,0
DA:47,0
DA:48,0
BRDA:48,0,0,-
BRDA:48,0,1,-
DA:52,0
DA:55,0
DA:57,0
DA:58,0
BRDA:58,1,0,-
BRDA:58,1,1,-
DA:62,0
BRDA:62,2,0,-
BRDA:62,2,1,-
DA:66,0
FN:69,BNPairingPrecompileCostEstimator._gasCost2Pair
FNDA:0,BNPairingPrecompileCostEstimator._gasCost2Pair
DA:70,0
DA:85,0
DA:86,0
DA:87,0
DA:88,0
BRDA:88,3,0,-
BRDA:88,3,1,-
DA:92,0
DA:95,0
DA:97,0
DA:98,0
BRDA:98,4,0,-
BRDA:98,4,1,-
DA:102,0
BRDA:102,5,0,-
BRDA:102,5,1,-
DA:106,0
FNF:5
FNH:0
LF:28
LH:0
BRF:12
BRH:0
end_of_record
TN:
SF:src/account-abstraction/samples/bls/lib/hubble-contracts/contracts/libs/ModExp.sol
FN:338,ModexpSqrt.run
FNDA:0,ModexpSqrt.run
DA:345,0
DA:352,0
DA:354,0
DA:355,0
DA:356,0
DA:357,0
DA:358,0
DA:359,0
DA:360,0
DA:361,0
DA:362,0
DA:363,0
DA:364,0
DA:365,0
DA:366,0
DA:367,0
DA:368,0
DA:369,0
DA:370,0
DA:371,0
DA:372,0
DA:373,0
DA:374,0
DA:375,0
DA:376,0
DA:377,0
DA:378,0
DA:379,0
DA:380,0
DA:381,0
DA:382,0
DA:383,0
DA:384,0
DA:385,0
DA:386,0
DA:387,0
DA:388,0
DA:389,0
DA:390,0
DA:391,0
DA:392,0
DA:393,0
DA:394,0
DA:395,0
DA:396,0
DA:397,0
DA:398,0
DA:399,0
DA:400,0
DA:401,0
DA:402,0
DA:403,0
DA:404,0
DA:405,0
DA:406,0
DA:407,0
DA:408,0
DA:409,0
DA:410,0
DA:411,0
DA:412,0
DA:413,0
DA:414,0
DA:415,0
DA:416,0
DA:417,0
DA:418,0
DA:419,0
DA:420,0
DA:421,0
DA:422,0
DA:423,0
DA:424,0
DA:425,0
DA:426,0
DA:427,0
DA:428,0
DA:429,0
DA:430,0
DA:431,0
DA:432,0
DA:433,0
DA:434,0
DA:435,0
DA:436,0
DA:437,0
DA:438,0
DA:439,0
DA:440,0
DA:441,0
DA:442,0
DA:443,0
DA:444,0
DA:445,0
DA:446,0
DA:447,0
DA:448,0
DA:449,0
DA:450,0
DA:451,0
DA:452,0
DA:453,0
DA:454,0
DA:455,0
DA:456,0
DA:457,0
DA:458,0
DA:459,0
DA:460,0
DA:461,0
DA:462,0
DA:463,0
DA:464,0
DA:465,0
DA:466,0
DA:467,0
DA:468,0
DA:469,0
DA:470,0
DA:471,0
DA:472,0
DA:473,0
DA:474,0
DA:475,0
DA:476,0
DA:477,0
DA:478,0
DA:479,0
DA:480,0
DA:481,0
DA:482,0
DA:483,0
DA:484,0
DA:485,0
DA:486,0
DA:487,0
DA:488,0
DA:489,0
DA:490,0
DA:491,0
DA:492,0
DA:493,0
DA:494,0
DA:495,0
DA:496,0
DA:497,0
DA:498,0
DA:499,0
DA:500,0
DA:501,0
DA:502,0
DA:503,0
DA:504,0
DA:505,0
DA:506,0
DA:507,0
DA:508,0
DA:509,0
DA:510,0
DA:511,0
DA:512,0
DA:513,0
DA:514,0
DA:515,0
DA:516,0
DA:517,0
DA:518,0
DA:519,0
DA:520,0
DA:521,0
DA:522,0
DA:523,0
DA:524,0
DA:525,0
DA:526,0
DA:527,0
DA:528,0
DA:529,0
DA:530,0
DA:531,0
DA:532,0
DA:533,0
DA:534,0
DA:535,0
DA:536,0
DA:537,0
DA:538,0
DA:539,0
DA:540,0
DA:541,0
DA:542,0
DA:543,0
DA:544,0
DA:545,0
DA:546,0
DA:547,0
DA:548,0
DA:549,0
DA:550,0
DA:551,0
DA:552,0
DA:553,0
DA:554,0
DA:555,0
DA:556,0
DA:557,0
DA:558,0
DA:559,0
DA:560,0
DA:561,0
DA:562,0
DA:563,0
DA:564,0
DA:565,0
DA:566,0
DA:567,0
DA:568,0
DA:569,0
DA:570,0
DA:571,0
DA:572,0
DA:573,0
DA:574,0
DA:575,0
DA:576,0
DA:577,0
DA:578,0
DA:579,0
DA:580,0
DA:581,0
DA:582,0
DA:583,0
DA:584,0
DA:585,0
DA:586,0
DA:587,0
DA:588,0
DA:589,0
DA:590,0
DA:591,0
DA:592,0
DA:593,0
DA:594,0
DA:595,0
DA:596,0
DA:597,0
DA:598,0
DA:599,0
DA:600,0
DA:601,0
DA:602,0
DA:603,0
DA:604,0
DA:605,0
DA:606,0
DA:607,0
DA:608,0
DA:609,0
DA:610,0
DA:611,0
DA:612,0
DA:613,0
DA:614,0
DA:615,0
DA:616,0
DA:617,0
DA:618,0
DA:619,0
DA:620,0
DA:621,0
DA:622,0
DA:623,0
DA:624,0
DA:625,0
DA:626,0
DA:627,0
DA:628,0
DA:629,0
DA:630,0
DA:631,0
DA:632,0
DA:633,0
DA:634,0
DA:635,0
DA:636,0
DA:637,0
DA:638,0
DA:639,0
DA:640,0
DA:641,0
DA:642,0
DA:643,0
DA:644,0
DA:645,0
DA:646,0
DA:647,0
DA:648,0
DA:649,0
FN:13,ModexpInverse.run
FNDA:0,ModexpInverse.run
DA:19,0
DA:26,0
DA:28,0
DA:29,0
DA:30,0
DA:31,0
DA:32,0
DA:33,0
DA:34,0
DA:35,0
DA:36,0
DA:37,0
DA:38,0
DA:39,0
DA:40,0
DA:41,0
DA:42,0
DA:43,0
DA:44,0
DA:45,0
DA:46,0
DA:47,0
DA:48,0
DA:49,0
DA:50,0
DA:51,0
DA:52,0
DA:53,0
DA:54,0
DA:55,0
DA:56,0
DA:57,0
DA:58,0
DA:59,0
DA:60,0
DA:61,0
DA:62,0
DA:63,0
DA:64,0
DA:65,0
DA:66,0
DA:67,0
DA:68,0
DA:69,0
DA:70,0
DA:71,0
DA:72,0
DA:73,0
DA:74,0
DA:75,0
DA:76,0
DA:77,0
DA:78,0
DA:79,0
DA:80,0
DA:81,0
DA:82,0
DA:83,0
DA:84,0
DA:85,0
DA:86,0
DA:87,0
DA:88,0
DA:89,0
DA:90,0
DA:91,0
DA:92,0
DA:93,0
DA:94,0
DA:95,0
DA:96,0
DA:97,0
DA:98,0
DA:99,0
DA:100,0
DA:101,0
DA:102,0
DA:103,0
DA:104,0
DA:105,0
DA:106,0
DA:107,0
DA:108,0
DA:109,0
DA:110,0
DA:111,0
DA:112,0
DA:113,0
DA:114,0
DA:115,0
DA:116,0
DA:117,0
DA:118,0
DA:119,0
DA:120,0
DA:121,0
DA:122,0
DA:123,0
DA:124,0
DA:125,0
DA:126,0
DA:127,0
DA:128,0
DA:129,0
DA:130,0
DA:131,0
DA:132,0
DA:133,0
DA:134,0
DA:135,0
DA:136,0
DA:137,0
DA:138,0
DA:139,0
DA:140,0
DA:141,0
DA:142,0
DA:143,0
DA:144,0
DA:145,0
DA:146,0
DA:147,0
DA:148,0
DA:149,0
DA:150,0
DA:151,0
DA:152,0
DA:153,0
DA:154,0
DA:155,0
DA:156,0
DA:157,0
DA:158,0
DA:159,0
DA:160,0
DA:161,0
DA:162,0
DA:163,0
DA:164,0
DA:165,0
DA:166,0
DA:167,0
DA:168,0
DA:169,0
DA:170,0
DA:171,0
DA:172,0
DA:173,0
DA:174,0
DA:175,0
DA:176,0
DA:177,0
DA:178,0
DA:179,0
DA:180,0
DA:181,0
DA:182,0
DA:183,0
DA:184,0
DA:185,0
DA:186,0
DA:187,0
DA:188,0
DA:189,0
DA:190,0
DA:191,0
DA:192,0
DA:193,0
DA:194,0
DA:195,0
DA:196,0
DA:197,0
DA:198,0
DA:199,0
DA:200,0
DA:201,0
DA:202,0
DA:203,0
DA:204,0
DA:205,0
DA:206,0
DA:207,0
DA:208,0
DA:209,0
DA:210,0
DA:211,0
DA:212,0
DA:213,0
DA:214,0
DA:215,0
DA:216,0
DA:217,0
DA:218,0
DA:219,0
DA:220,0
DA:221,0
DA:222,0
DA:223,0
DA:224,0
DA:225,0
DA:226,0
DA:227,0
DA:228,0
DA:229,0
DA:230,0
DA:231,0
DA:232,0
DA:233,0
DA:234,0
DA:235,0
DA:236,0
DA:237,0
DA:238,0
DA:239,0
DA:240,0
DA:241,0
DA:242,0
DA:243,0
DA:244,0
DA:245,0
DA:246,0
DA:247,0
DA:248,0
DA:249,0
DA:250,0
DA:251,0
DA:252,0
DA:253,0
DA:254,0
DA:255,0
DA:256,0
DA:257,0
DA:258,0
DA:259,0
DA:260,0
DA:261,0
DA:262,0
DA:263,0
DA:264,0
DA:265,0
DA:266,0
DA:267,0
DA:268,0
DA:269,0
DA:270,0
DA:271,0
DA:272,0
DA:273,0
DA:274,0
DA:275,0
DA:276,0
DA:277,0
DA:278,0
DA:279,0
DA:280,0
DA:281,0
DA:282,0
DA:283,0
DA:284,0
DA:285,0
DA:286,0
DA:287,0
DA:288,0
DA:289,0
DA:290,0
DA:291,0
DA:292,0
DA:293,0
DA:294,0
DA:295,0
DA:296,0
DA:297,0
DA:298,0
DA:299,0
DA:300,0
DA:301,0
DA:302,0
DA:303,0
DA:304,0
DA:305,0
DA:306,0
DA:307,0
DA:308,0
DA:309,0
DA:310,0
DA:311,0
DA:312,0
DA:313,0
DA:314,0
DA:315,0
DA:316,0
DA:317,0
DA:318,0
DA:319,0
DA:320,0
DA:321,0
DA:322,0
DA:323,0
DA:324,0
DA:325,0
DA:326,0
FNF:2
FNH:0
LF:599
LH:0
BRF:0
BRH:0
end_of_record
TN:
SF:src/account-abstraction/utils/Exec.sol
FN:11,Exec.call
FNDA:1,Exec.call
DA:18,1
FN:22,Exec.staticcall
FNDA:0,Exec.staticcall
DA:28,0
FN:32,Exec.delegateCall
FNDA:0,Exec.delegateCall
DA:38,0
FN:43,Exec.getReturnData
FNDA:0,Exec.getReturnData
DA:46,0
BRDA:46,0,0,-
DA:47,0
DA:53,0
FN:58,Exec.revertWithData
FNDA:0,Exec.revertWithData
FN:64,Exec.callAndRevert
FNDA:0,Exec.callAndRevert
DA:65,0
DA:66,0
BRDA:66,1,0,-
BRDA:66,1,1,-
DA:67,0
FNF:6
FNH:1
LF:9
LH:1
BRF:3
BRH:0
end_of_record
